[01m[K/home/khoirlnwar/communication/src/communication/src/comm/comm.cpp:[m[K In function ‘[01m[Kvoid* receiveDataThread(void*)[m[K’:
[01m[K/home/khoirlnwar/communication/src/communication/src/comm/comm.cpp:266:17:[m[K [01;31m[Kerror: [m[Krequest for member ‘[01m[Kid[m[K’ in ‘[01m[Krec[m[K’, which is of pointer type ‘[01m[KRTDBconf_var*[m[K’ (maybe you meant to use ‘[01m[K->[m[K’ ?)
     memcpy(&rec.id, recvBuffer + indexBuffer, sizeof(rec.id));
[01;32m[K                 ^[m[K
[01m[K/home/khoirlnwar/communication/src/communication/src/comm/comm.cpp:266:58:[m[K [01;31m[Kerror: [m[Krequest for member ‘[01m[Kid[m[K’ in ‘[01m[Krec[m[K’, which is of pointer type ‘[01m[KRTDBconf_var*[m[K’ (maybe you meant to use ‘[01m[K->[m[K’ ?)
     memcpy(&rec.id, recvBuffer + indexBuffer, sizeof(rec.id));
[01;32m[K                                                          ^[m[K
[01m[K/home/khoirlnwar/communication/src/communication/src/comm/comm.cpp:267:31:[m[K [01;31m[Kerror: [m[Krequest for member ‘[01m[Kid[m[K’ in ‘[01m[Krec[m[K’, which is of pointer type ‘[01m[KRTDBconf_var*[m[K’ (maybe you meant to use ‘[01m[K->[m[K’ ?)
     indexBuffer += sizeof(rec.id);
[01;32m[K                               ^[m[K
[01m[K/home/khoirlnwar/communication/src/communication/src/comm/comm.cpp:270:17:[m[K [01;31m[Kerror: [m[Krequest for member ‘[01m[Ksize[m[K’ in ‘[01m[Krec[m[K’, which is of pointer type ‘[01m[KRTDBconf_var*[m[K’ (maybe you meant to use ‘[01m[K->[m[K’ ?)
     memcpy(&rec.size, recvBuffer + indexBuffer, sizeof(rec.size));
[01;32m[K                 ^[m[K
[01m[K/home/khoirlnwar/communication/src/communication/src/comm/comm.cpp:270:60:[m[K [01;31m[Kerror: [m[Krequest for member ‘[01m[Ksize[m[K’ in ‘[01m[Krec[m[K’, which is of pointer type ‘[01m[KRTDBconf_var*[m[K’ (maybe you meant to use ‘[01m[K->[m[K’ ?)
     memcpy(&rec.size, recvBuffer + indexBuffer, sizeof(rec.size));
[01;32m[K                                                            ^[m[K
[01m[K/home/khoirlnwar/communication/src/communication/src/comm/comm.cpp:271:31:[m[K [01;31m[Kerror: [m[Krequest for member ‘[01m[Ksize[m[K’ in ‘[01m[Krec[m[K’, which is of pointer type ‘[01m[KRTDBconf_var*[m[K’ (maybe you meant to use ‘[01m[K->[m[K’ ?)
     indexBuffer += sizeof(rec.size);
[01;32m[K                               ^[m[K
[01m[K/home/khoirlnwar/communication/src/communication/src/comm/comm.cpp:279:46:[m[K [01;31m[Kerror: [m[Krequest for member ‘[01m[Kid[m[K’ in ‘[01m[Krec[m[K’, which is of pointer type ‘[01m[KRTDBconf_var*[m[K’ (maybe you meant to use ‘[01m[K->[m[K’ ?)
     if ((size = DB_comm_put(agentNumber, rec.id, rec.size, recvBuffer + indexBuffer, life)) != (int)(rec.size))
[01;32m[K                                              ^[m[K
[01m[K/home/khoirlnwar/communication/src/communication/src/comm/comm.cpp:279:54:[m[K [01;31m[Kerror: [m[Krequest for member ‘[01m[Ksize[m[K’ in ‘[01m[Krec[m[K’, which is of pointer type ‘[01m[KRTDBconf_var*[m[K’ (maybe you meant to use ‘[01m[K->[m[K’ ?)
     if ((size = DB_comm_put(agentNumber, rec.id, rec.size, recvBuffer + indexBuffer, life)) != (int)(rec.size))
[01;32m[K                                                      ^[m[K
[01m[K/home/khoirlnwar/communication/src/communication/src/comm/comm.cpp:279:106:[m[K [01;31m[Kerror: [m[Krequest for member ‘[01m[Ksize[m[K’ in ‘[01m[Krec[m[K’, which is of pointer type ‘[01m[KRTDBconf_var*[m[K’ (maybe you meant to use ‘[01m[K->[m[K’ ?)
     if ((size = DB_comm_put(agentNumber, rec.id, rec.size, recvBuffer + indexBuffer, life)) != (int)(rec.size))
[01;32m[K                                                                                                          ^[m[K
[01m[K/home/khoirlnwar/communication/src/communication/src/comm/comm.cpp:281:113:[m[K [01;31m[Kerror: [m[Krequest for member ‘[01m[Kid[m[K’ in ‘[01m[Krec[m[K’, which is of pointer type ‘[01m[KRTDBconf_var*[m[K’ (maybe you meant to use ‘[01m[K->[m[K’ ?)
      PERR("Error in frame/rtdb: from = %d, id item = %d, received size = %d, local size = %d", agentNumber, rec.id, rec.size, size);
[01;32m[K                                                                                                                 ^[m[K
[01m[K/home/khoirlnwar/communication/src/communication/src/comm/comm.cpp:23:67:[m[K [01;36m[Knote: [m[Kin definition of macro ‘[01m[KPERR[m[K’
  printf("ERROR: (%s / %s): " txt "\n", __FILE__, __FUNCTION__, ## par)
[01;32m[K                                                                   ^[m[K
[01m[K/home/khoirlnwar/communication/src/communication/src/comm/comm.cpp:281:121:[m[K [01;31m[Kerror: [m[Krequest for member ‘[01m[Ksize[m[K’ in ‘[01m[Krec[m[K’, which is of pointer type ‘[01m[KRTDBconf_var*[m[K’ (maybe you meant to use ‘[01m[K->[m[K’ ?)
      PERR("Error in frame/rtdb: from = %d, id item = %d, received size = %d, local size = %d", agentNumber, rec.id, rec.size, size);
[01;32m[K                                                                                                                         ^[m[K
[01m[K/home/khoirlnwar/communication/src/communication/src/comm/comm.cpp:23:67:[m[K [01;36m[Knote: [m[Kin definition of macro ‘[01m[KPERR[m[K’
  printf("ERROR: (%s / %s): " txt "\n", __FILE__, __FUNCTION__, ## par)
[01;32m[K                                                                   ^[m[K
[01m[K/home/khoirlnwar/communication/src/communication/src/comm/comm.cpp:285:24:[m[K [01;31m[Kerror: [m[Krequest for member ‘[01m[Ksize[m[K’ in ‘[01m[Krec[m[K’, which is of pointer type ‘[01m[KRTDBconf_var*[m[K’ (maybe you meant to use ‘[01m[K->[m[K’ ?)
     indexBuffer += rec.size;
[01;32m[K                        ^[m[K
make[2]: *** [CMakeFiles/comm.dir/src/comm/comm.cpp.o] Error 1
make[1]: *** [CMakeFiles/comm.dir/all] Error 2
make: *** [all] Error 2
